================================================================================
SCENE 2 - COMPLETE PIPELINE TRANSFORMATION LOG
================================================================================

Sample Token: 3e8750f331d7499e9b5123e9eb70f2e2
Timestamp: 1533151603547590
Scene: scene-0103
Description: Many peds right, wait for turning car, long bike rack left, cyclist
Location: boston-seaport


================================================================================
INPUT DATA SUMMARY
================================================================================

Camera Images: 6
  - CAM_FRONT
  - CAM_FRONT_RIGHT
  - CAM_FRONT_LEFT
  - CAM_BACK
  - CAM_BACK_LEFT
  - CAM_BACK_RIGHT

LiDAR Points: 34752
Annotations: 23

Annotated Objects:
  - human.pedestrian.adult at (637.1, 1636.3, -0.2)
  - human.pedestrian.adult at (612.7, 1632.1, 0.5)
  - human.pedestrian.adult at (619.0, 1648.9, 0.4)
  - human.pedestrian.adult at (635.4, 1674.3, -0.2)
  - human.pedestrian.adult at (622.4, 1624.0, -0.0)
  - vehicle.car at (635.4, 1620.5, -0.3)
  - human.pedestrian.adult at (598.1, 1642.1, 1.0)
  - human.pedestrian.adult at (622.2, 1646.1, 0.3)
  - human.pedestrian.adult at (619.6, 1624.7, 0.1)
  - vehicle.car at (583.5, 1656.4, 1.3)
  - human.pedestrian.adult at (627.0, 1617.9, -0.4)
  - human.pedestrian.adult at (640.9, 1643.0, -0.3)
  - human.pedestrian.adult at (602.2, 1626.3, 0.2)
  - human.pedestrian.adult at (631.8, 1637.0, 0.1)
  - vehicle.car at (660.9, 1604.4, -0.4)
  - human.pedestrian.adult at (650.7, 1625.2, -0.3)
  - human.pedestrian.adult at (582.3, 1668.6, 1.5)
  - human.pedestrian.adult at (597.7, 1641.4, 1.0)
  - human.pedestrian.adult at (636.8, 1680.1, -0.2)
  - vehicle.car at (582.4, 1661.0, 1.4)
  - human.pedestrian.adult at (639.6, 1606.7, -0.1)
  - human.pedestrian.adult at (631.8, 1644.6, -0.5)
  - human.pedestrian.adult at (637.8, 1636.7, -0.0)


================================================================================
PIPELINE CONFIGURATION
================================================================================

Modality Configuration:
  - Cameras: True (all 6 cameras)
  - LiDAR: True
  - Annotations: True

  Camera images saved to: scene_2_3e8750f3_assets/
  Annotations saved to: scene_2_3e8750f3_assets/annotations.csv


================================================================================
LAYER 1: CONTENT TRANSFORMATION
================================================================================

  ============================================================
  CameraAgent
  ============================================================

  agent:
    CameraAgent

  modality:
    camera

  camera_views:
    [
  "CAM_FRONT",
  "CAM_FRONT_RIGHT",
  "CAM_FRONT_LEFT",
  "CAM_BACK",
  "CAM_BACK_LEFT",
  "CAM_BACK_RIGHT"
]

  observations:
    {
  "CAM_FRONT": "CAM_FRONT\n- **Vehicles**:  \n  - A black sedan is positioned in the middle lane, stationary or moving slowly, approximately 30 meters ahead.  \n  - A white sedan is in the right lane, slightly ahead of the black sedan, also stationary or moving slowly.  \n  - A dark-colored SUV is visible further ahead in the middle lane, about 50 meters away.  \n- **Pedestrians and Cyclists**:  \n  - Two pedestrians are standing on the sidewalk to the left near a tree, approximately 20 meters ahead.  \n  - A group of pedestrians is visible on the right-hand sidewalk, walking or standing near the brick building.  \n- **Road Structure and Markings**:  \n  - Two yellow solid lines divide the lanes in the center of the road.  \n  - Crosswalk markings are visible at the intersection ahead.  \n  - The road is straight and relatively narrow, bordered by sidewalks on both sides.  \n- **Traffic Signs and Signals**:  \n  - A traffic light is visible at the intersection ahead, currently showing a red light.  \n  - A \"No Turn on Red\" sign is mounted on the traffic light pole on the left.  \n- **Environmental Conditions**:  \n  - Partly cloudy skies with good visibility.  \n  - No precipitation or wet road surfaces.  \n- **Potential Hazards**:  \n  - Pedestrians near the crosswalk may enter the road unexpectedly.  \n  - Vehicles ahead may stop or accelerate suddenly as the light changes.\n\n---\n\n### Camera:",
  "CAM_FRONT_RIGHT": "CAM_FRONT_RIGHT\n- **Vehicles**:  \n  - No vehicles visible in this camera view.  \n- **Pedestrians and Cyclists**:  \n  - No pedestrians or cyclists are visible in this view.  \n- **Road Structure and Markings**:  \n  - A metal guardrail runs parallel to the road on the right-hand side.  \n  - The road surface is not visible in this view.  \n- **Traffic Signs and Signals**:  \n  - A \"No Parking Anytime\" sign is mounted on a pole near the guardrail.  \n- **Environmental Conditions**:  \n  - Partly cloudy skies with reflections visible on the glass building.  \n  - No precipitation or wet surfaces.  \n- **Potential Hazards**:  \n  - None immediately visible in this view.  \n\n---\n\n### Camera:",
  "CAM_FRONT_LEFT": "CAM_FRONT_LEFT\n- **Vehicles**:  \n  - No vehicles visible in this camera view.  \n- **Pedestrians and Cyclists**:  \n  - Two pedestrians are seated at outdoor tables near the white \"Hood\" structure on the left sidewalk.  \n  - Additional pedestrians are visible further left near the building entrance, approximately 30 meters away.  \n- **Road Structure and Markings**:  \n  - A metal guardrail is visible on the left side of the road.  \n  - The road surface is partially visible, with no specific markings in this view.  \n- **Traffic Signs and Signals**:  \n  - No traffic signs or signals are visible in this view.  \n- **Environmental Conditions**:  \n  - Partly cloudy skies with good visibility.  \n  - No precipitation or wet surfaces.  \n- **Potential Hazards**:  \n  - Pedestrians near the outdoor seating area may step onto the road unexpectedly.  \n\n---\n\n### Camera:",
  "CAM_BACK": "CAM_BACK\n- **Vehicles**:  \n  - A white sedan is in the left lane, approximately 20 meters behind the camera.  \n  - A gray sedan is in the right lane, slightly behind the white sedan, approximately 25 meters away.  \n- **Pedestrians and Cyclists**:  \n  - No pedestrians or cyclists are visible in this view.  \n- **Road Structure and Markings**:  \n  - Two yellow solid lines divide the lanes in the center of the road.  \n  - The road is straight and elevated, with metal guardrails on both sides.  \n- **Traffic Signs and Signals**:  \n  - No traffic signs or signals are visible in this view.  \n- **Environmental Conditions**:  \n  - Partly cloudy skies with good visibility.  \n  - No precipitation or wet surfaces.  \n- **Potential Hazards**:  \n  - Vehicles behind may attempt to overtake or change lanes unexpectedly.  \n\n---\n\n### Camera:",
  "CAM_BACK_LEFT": "CAM_BACK_LEFT\n- **Vehicles**:  \n  - No vehicles visible in this camera view.  \n- **Pedestrians and Cyclists**:  \n  - No pedestrians or cyclists are visible in this view.  \n- **Road Structure and Markings**:  \n  - A metal guardrail runs parallel to the road on the left-hand side.  \n  - A bridge structure is visible in the background, spanning a body of water.  \n- **Traffic Signs and Signals**:  \n  - No traffic signs or signals are visible in this view.  \n- **Environmental Conditions**:  \n  - Partly cloudy skies with good visibility.  \n  - No precipitation or wet surfaces.  \n- **Potential Hazards**:  \n  - None immediately visible in this view.  \n\n---\n\n### Camera:",
  "CAM_BACK_RIGHT": "CAM_BACK_RIGHT\n- **Vehicles**:  \n  - No vehicles visible in this camera view.  \n- **Pedestrians and Cyclists**:  \n  - Two pedestrians are walking on the sidewalk near the guardrail, approximately 5 meters away.  \n- **Road Structure and Markings**:  \n  - A metal guardrail runs parallel to the road on the right-hand side.  \n  - A body of water is visible beyond the guardrail, with a bridge structure in the background.  \n- **Traffic Signs and Signals**:  \n  - No traffic signs or signals are visible in this view.  \n- **Environmental Conditions**:  \n  - Partly cloudy skies with good visibility.  \n  - No precipitation or wet surfaces.  \n- **Potential Hazards**:  \n  - Pedestrians walking close to the guardrail may step onto the road unexpectedly."
}

  full_response:
    ### Camera: CAM_FRONT
- **Vehicles**:  
  - A black sedan is positioned in the middle lane, stationary or moving slowly, approximately 30 meters ahead.  
  - A white sedan is in the right lane, slightly ahead of the black sedan, also stationary or moving slowly.  
  - A dark-colored SUV is visible further ahead in the middle lane, about 50 meters away.  
- **Pedestrians and Cyclists**:  
  - Two pedestrians are standing on the sidewalk to the left near a tree, approximately 20 meters ahead.  
  - A group of pedestrians is visible on the right-hand sidewalk, walking or standing near the brick building.  
- **Road Structure and Markings**:  
  - Two yellow solid lines divide the lanes in the center of the road.  
  - Crosswalk markings are visible at the intersection ahead.  
  - The road is straight and relatively narrow, bordered by sidewalks on both sides.  
- **Traffic Signs and Signals**:  
  - A traffic light is visible at the intersection ahead, currently showing a red light.  
  - A "No Turn on Red" sign is mounted on the traffic light pole on the left.  
- **Environmental Conditions**:  
  - Partly cloudy skies with good visibility.  
  - No precipitation or wet road surfaces.  
- **Potential Hazards**:  
  - Pedestrians near the crosswalk may enter the road unexpectedly.  
  - Vehicles ahead may stop or accelerate suddenly as the light changes.

---

### Camera: CAM_FRONT_RIGHT
- **Vehicles**:  
  - No vehicles visible in this camera view.  
- **Pedestrians and Cyclists**:  
  - No pedestrians or cyclists are visible in this view.  
- **Road Structure and Markings**:  
  - A metal guardrail runs parallel to the road on the right-hand side.  
  - The road surface is not visible in this view.  
- **Traffic Signs and Signals**:  
  - A "No Parking Anytime" sign is mounted on a pole near the guardrail.  
- **Environmental Conditions**:  
  - Partly cloudy skies with reflections visible on the glass building.  
  - No precipitation or wet surfaces.  
- **Potential Hazards**:  
  - None immediately visible in this view.  

---

### Camera: CAM_FRONT_LEFT
- **Vehicles**:  
  - No vehicles visible in this camera view.  
- **Pedestrians and Cyclists**:  
  - Two pedestrians are seated at outdoor tables near the white "Hood" structure on the left sidewalk.  
  - Additional pedestrians are visible further left near the building entrance, approximately 30 meters away.  
- **Road Structure and Markings**:  
  - A metal guardrail is visible on the left side of the road.  
  - The road surface is partially visible, with no specific markings in this view.  
- **Traffic Signs and Signals**:  
  - No traffic signs or signals are visible in this view.  
- **Environmental Conditions**:  
  - Partly cloudy skies with good visibility.  
  - No precipitation or wet surfaces.  
- **Potential Hazards**:  
  - Pedestrians near the outdoor seating area may step onto the road unexpectedly.  

---

### Camera: CAM_BACK
- **Vehicles**:  
  - A white sedan is in the left lane, approximately 20 meters behind the camera.  
  - A gray sedan is in the right lane, slightly behind the white sedan, approximately 25 meters away.  
- **Pedestrians and Cyclists**:  
  - No pedestrians or cyclists are visible in this view.  
- **Road Structure and Markings**:  
  - Two yellow solid lines divide the lanes in the center of the road.  
  - The road is straight and elevated, with metal guardrails on both sides.  
- **Traffic Signs and Signals**:  
  - No traffic signs or signals are visible in this view.  
- **Environmental Conditions**:  
  - Partly cloudy skies with good visibility.  
  - No precipitation or wet surfaces.  
- **Potential Hazards**:  
  - Vehicles behind may attempt to overtake or change lanes unexpectedly.  

---

### Camera: CAM_BACK_LEFT
- **Vehicles**:  
  - No vehicles visible in this camera view.  
- **Pedestrians and Cyclists**:  
  - No pedestrians or cyclists are visible in this view.  
- **Road Structure and Markings**:  
  - A metal guardrail runs parallel to the road on the left-hand side.  
  - A bridge structure is visible in the background, spanning a body of water.  
- **Traffic Signs and Signals**:  
  - No traffic signs or signals are visible in this view.  
- **Environmental Conditions**:  
  - Partly cloudy skies with good visibility.  
  - No precipitation or wet surfaces.  
- **Potential Hazards**:  
  - None immediately visible in this view.  

---

### Camera: CAM_BACK_RIGHT
- **Vehicles**:  
  - No vehicles visible in this camera view.  
- **Pedestrians and Cyclists**:  
  - Two pedestrians are walking on the sidewalk near the guardrail, approximately 5 meters away.  
- **Road Structure and Markings**:  
  - A metal guardrail runs parallel to the road on the right-hand side.  
  - A body of water is visible beyond the guardrail, with a bridge structure in the background.  
- **Traffic Signs and Signals**:  
  - No traffic signs or signals are visible in this view.  
- **Environmental Conditions**:  
  - Partly cloudy skies with good visibility.  
  - No precipitation or wet surfaces.  
- **Potential Hazards**:  
  - Pedestrians walking close to the guardrail may step onto the road unexpectedly.  

  LiDAR BEV images saved to: scene_2_3e8750f3_assets/


  ============================================================
  LiDARAgent
  ============================================================

  agent:
    LiDARAgent

  modality:
    lidar

  detected_objects:
    [
  {
    "category": "traffic_cone",
    "position": [
      -8.336594581604004,
      1.7134342193603516,
      -1.1210832595825195
    ],
    "dimensions": [
      0.840263843536377,
      13.635551452636719,
      0.5577413439750671
    ],
    "num_points": 446,
    "distance": 8.510855776131109,
    "direction": "back_left",
    "confidence": 0.85
  },
  {
    "category": "traffic_cone",
    "position": [
      -10.959789276123047,
      -0.6422646641731262,
      -1.036109209060669
    ],
    "dimensions": [
      0.07910823822021484,
      2.390071392059326,
      0.5380444526672363
    ],
    "num_points": 38,
    "distance": 10.978592117200964,
    "direction": "back_left",
    "confidence": 0.8
  },
  {
    "category": "traffic_cone",
    "position": [
      -10.948515892028809,
      2.0605623722076416,
      -1.0559498071670532
    ],
    "dimensions": [
      0.069549560546875,
      2.745417594909668,
      0.5332662463188171
    ],
    "num_points": 48,
    "distance": 11.140732360476369,
    "direction": "back_left",
    "confidence": 0.8
  },
  {
    "category": "traffic_cone",
    "position": [
      -10.945806503295898,
      6.815555095672607,
      -0.9029223918914795
    ],
    "dimensions": [
      0.07318305969238281,
      2.6414880752563477,
      0.5817071795463562
    ],
    "num_points": 35,
    "distance": 12.894280564255752,
    "direction": "left",
    "confidence": 0.75
  },
  {
    "category": "traffic_cone",
    "position": [
      -8.0466890335083,
      10.12021255493164,
      -1.1080169677734375
    ],
    "dimensions": [
      0.26088666915893555,
      1.475316047668457,
      0.3985408544540405
    ],
    "num_points": 26,
    "distance": 12.929342851010594,
    "direction": "left",
    "confidence": 0.7
  },
  {
    "category": "truck",
    "position": [
      0.5690703392028809,
      13.302310943603516,
      -1.059345006942749
    ],
    "dimensions": [
      9.6990385055542,
      0.9960260391235352,
      0.679407000541687
    ],
    "num_points": 121,
    "distance": 13.31447774008708,
    "direction": "front_left",
    "confidence": 0.9
  },
  {
    "category": "bicycle",
    "position": [
      -0.6806601881980896,
      11.24266242980957,
      -1.3894643783569336
    ],
    "dimensions": [
      3.650449752807617,
      0.3060598373413086,
      0.020813584327697754
    ],
    "num_points": 52,
    "distance": 11.263248057396654,
    "direction": "front_left",
    "confidence": 0.75
  },
  {
    "category": "traffic_cone",
    "position": [
      4.6082258224487305,
      9.9423246383667,
      -1.0682893991470337
    ],
    "dimensions": [
      0.34026288986206055,
      1.038198471069336,
      0.5845994353294373
    ],
    "num_points": 12,
    "distance": 10.958355918903017,
    "direction": "front",
    "confidence": 0.65
  },
  {
    "category": "trailer",
    "position": [
      4.688418865203857,
      0.28961181640625,
      -1.0323054790496826
    ],
    "dimensions": [
      1.043142318725586,
      17.178403854370117,
      0.7353641390800476
    ],
    "num_points": 1601,
    "distance": 4.697355262251468,
    "direction": "front_right",
    "confidence": 0.95
  },
  {
    "category": "pedestrian",
    "position": [
      8.885510444641113,
      12.368438720703125,
      -0.037227749824523926
    ],
    "dimensions": [
      1.2890625,
      1.19659423828125,
      2.1752021312713623
    ],
    "num_points": 84,
    "distance": 15.229266963633368,
    "direction": "front",
    "confidence": 0.9
  },
  {
    "category": "trailer",
    "position": [
      8.033313751220703,
      8.053271293640137,
      -0.06862097978591919
    ],
    "dimensions": [
      1.2212209701538086,
      2.906217575073242,
      2.2090630531311035
    ],
    "num_points": 151,
    "distance": 11.374942125326173,
    "direction": "front",
    "confidence": 0.85
  },
  {
    "category": "traffic_cone",
    "position": [
      8.63245677947998,
      8.237874984741211,
      1.4258270263671875
    ],
    "dimensions": [
      1.5037989616394043,
      0.12110042572021484,
      0.6404405832290649
    ],
    "num_points": 17,
    "distance": 11.93238845805042,
    "direction": "front",
    "confidence": 0.8
  },
  {
    "category": "construction_vehicle",
    "position": [
      7.419153690338135,
      3.0676300525665283,
      -0.8498198986053467
    ],
    "dimensions": [
      0.1418924331665039,
      5.869762897491455,
      0.8871831297874451
    ],
    "num_points": 157,
    "distance": 8.028337039528628,
    "direction": "front_right",
    "confidence": 0.75
  },
  {
    "category": "bicycle",
    "position": [
      15.677640914916992,
      8.499452590942383,
      -0.033507585525512695
    ],
    "dimensions": [
      1.1555366516113281,
      0.8534202575683594,
      0.8469441533088684
    ],
    "num_points": 38,
    "distance": 17.83337093773234,
    "direction": "front",
    "confidence": 0.7
  },
  {
    "category": "pedestrian",
    "position": [
      5.891338348388672,
      -0.14029937982559204,
      -0.536038339138031
    ],
    "dimensions": [
      0.8172359466552734,
      0.38886988162994385,
      1.036681056022644
    ],
    "num_points": 69,
    "distance": 5.893008692609778,
    "direction": "front_right",
    "confidence": 0.85
  },
  {
    "category": "construction_vehicle",
    "position": [
      7.360248565673828,
      -3.562105417251587,
      -0.9618065357208252
    ],
    "dimensions": [
      0.19411420822143555,
      6.30597448348999,
      0.8577721118927002
    ],
    "num_points": 136,
    "distance": 8.176909804572675,
    "direction": "right",
    "confidence": 0.7
  },
  {
    "category": "truck",
    "position": [
      7.741613388061523,
      -9.627523422241211,
      0.027106404304504395
    ],
    "dimensions": [
      1.2180514335632324,
      2.869901657104492,
      2.8333940505981445
    ],
    "num_points": 185,
    "distance": 12.354018985577792,
    "direction": "right",
    "confidence": 0.9
  },
  {
    "category": "traffic_cone",
    "position": [
      7.729338645935059,
      -9.927116394042969,
      2.0604567527770996
    ],
    "dimensions": [
      0.5448818206787109,
      0.3432903289794922,
      0.6286183595657349
    ],
    "num_points": 12,
    "distance": 12.581347932730495,
    "direction": "right",
    "confidence": 0.95
  },
  {
    "category": "pedestrian",
    "position": [
      5.074222087860107,
      -6.871504306793213,
      0.6898031234741211
    ],
    "dimensions": [
      0.9225654602050781,
      0.12616729736328125,
      1.3987960815429688
    ],
    "num_points": 46,
    "distance": 8.541972912343205,
    "direction": "right",
    "confidence": 0.85
  },
  {
    "category": "bicycle",
    "position": [
      7.211175441741943,
      -11.91935920715332,
      -1.1338270902633667
    ],
    "dimensions": [
      0.0726470947265625,
      1.6244029998779297,
      0.4084624648094177
    ],
    "num_points": 19,
    "distance": 13.930978973522741,
    "direction": "right",
    "confidence": 0.8
  },
  {
    "category": "truck",
    "position": [
      -11.304548263549805,
      -9.34445571899414,
      0.3649846315383911
    ],
    "dimensions": [
      1.3632898330688477,
      2.6264047622680664,
      3.5249040126800537
    ],
    "num_points": 145,
    "distance": 14.666685519474711,
    "direction": "back",
    "confidence": 0.9
  }
]

  semantic_features:
    {
  "total_objects": 21,
  "object_counts": {
    "traffic_cone": 8,
    "truck": 3,
    "bicycle": 3,
    "trailer": 2,
    "pedestrian": 3,
    "construction_vehicle": 2
  },
  "objects_by_direction": {
    "front": 5,
    "back": 1,
    "left": 2,
    "right": 5,
    "front_left": 2,
    "front_right": 3,
    "back_left": 3,
    "back_right": 0
  },
  "distance_distribution": {
    "close": 6,
    "medium": 15,
    "far": 0
  },
  "scene_characteristics": {
    "object_point_ratio": 0.292885114173829,
    "traffic_density": "light",
    "total_points": 19663
  },
  "nearest_object": "DetectedObject(category='trailer', position=array([ 4.688419  ,  0.28961182, -1.0323055 ], dtype=float32), dimensions=array([ 1.0431423 , 17.178404  ,  0.73536414], dtype=float32), num_points=1601, distance=4.697355262251468, direction='front_right', confidence=0.95)"
}

  structured_report:
    === LiDAR Scene Analysis ===

Total detected objects: 21

Object Distribution:
  - 3 bicycle(s)
  - 2 construction_vehicle(s)
  - 3 pedestrian(s)
  - 8 traffic_cone(s)
  - 2 trailer(s)
  - 3 truck(s)

Spatial Distribution:
  - front: 5 objects (bicycle, traffic_cone, pedestrian, trailer)
  - back: 1 objects (truck)
  - left: 2 objects (traffic_cone)
  - right: 5 objects (bicycle, construction_vehicle, traffic_cone, pedestrian, truck)
  - front_left: 2 objects (bicycle, truck)
  - front_right: 3 objects (construction_vehicle, pedestrian, trailer)
  - back_left: 3 objects (traffic_cone)

Distance Distribution:
  - Close (<10m): 6 objects
  - Medium (10-30m): 15 objects
  - Far (>30m): 0 objects

Nearest Object:
  - Type: trailer
  - Distance: 4.7m
  - Direction: front_right

Scene Characteristics:
  - Traffic density: light
  - Object point ratio: 29.29%

  observations:
    ### High-Level Scene Interpretation

1. **Overall Scene Context**:
   - The scene appears to be in an urban environment, characterized by light traffic density. The presence of various detected objects suggests a mixed-use area, likely near construction or maintenance activities due to the presence of construction vehicles and numerous traffic cones.

2. **Key Objects and Their Significance**:
   - **Bicycles (3)**: Present both in the front and right areas, indicating potential interactions with cyclists, necessitating caution.
   - **Pedestrians (3)**: Located in the right and front-right zones, highlighting the need for vigilance to avoid potential collisions.
   - **Traffic Cones (8)**: Concentrated in the left and back-left areas, signaling ongoing construction or road work, which may affect navigation and require careful maneuvering.
   - **Construction Vehicles (2)**: Positioned on the right, indicating active work zones which may pose risks to the ego vehicle and require adherence to traffic regulations.
   - **Trailers (2)**: One located very close (4.7m) in the front-right, which could obstruct the path or require the ego vehicle to yield.

3. **Potential Risks or Safety Concerns**:
   - **Proximity of Objects**: With 6 objects within 10m, there is a heightened risk of collision, particularly with the nearby trailer and pedestrians.
   - **Dynamic Environment**: The presence of construction vehicles and traffic cones suggests that the environment may change rapidly, requiring adaptive driving strategies.
   - **Bicycles and Pedestrians**: The close proximity of bicycles and pedestrians necessitates careful monitoring to prevent accidents, especially in an urban setting where they may behave unpredictably.

4. **Notable Spatial Patterns or Relationships**:
   - **Front-Right Focus**: The concentration of objects (trailer, construction vehicle, pedestrian) in the front-right zone suggests a potential bottleneck or conflict point that the ego vehicle must navigate carefully.
   - **Traffic Cone Clusters**: The significant number of traffic cones, especially on the left and back-left, indicates a need for lane management and awareness of potential detours or obstacles.
   - **Light Traffic Density**: The overall light traffic allows for more maneuverability, but the close proximity of various objects requires the ego vehicle to maintain a cautious approach.

### Actionable Insights:
- **Adjust Speed**: Reduce speed to enhance reaction time to nearby objects, particularly in the front-right sector.
- **Increase Awareness**: Continuously monitor the behavior of nearby bicycles and pedestrians, especially as the vehicle approaches the construction area.
- **Plan Maneuvers**: Prepare for potential lane changes or stops due to the presence of construction vehicles and traffic cones, ensuring compliance with any temporary traffic regulations.

  bev_metadata:
    {
  "num_objects": 21,
  "ground_points": 13904,
  "object_points": 5759
}


  ============================================================
  SceneGraphAgent
  ============================================================

  agent:
    SceneGraphAgent

  modality:
    scene_graph

  scene_graph:
    {
  "scene_summary": "The scene consists of a total of 23 objects, including 4 stopped cars and 19 stopped adults. All objects are located at distances greater than 10 meters from the ego vehicle, with no cyclists or other road elements present.",
  "environment": {
    "lighting": "day",
    "weather": "clear",
    "visibility_overall": "good",
    "location_type": "urban"
  },
  "road_structure": {
    "road_type": "urban street",
    "lanes": {
      "lane_count": 2,
      "lane_type": "urban",
      "ego_lane_position": "center",
      "lane_markings": [
        "solid",
        "broken"
      ]
    },
    "road_elements": [],
    "surface_condition": "good"
  },
  "traffic_participants": {
    "vehicles": [
      {
        "id": "obj_5",
        "category": "car",
        "subcategory": "sedan",
        "position_x": 635.447,
        "position_y": 1620.546,
        "position_z": -0.326,
        "distance_to_ego": 1740.7,
        "direction": "front",
        "state": "stopped",
        "visibility": "high"
      },
      {
        "id": "obj_9",
        "category": "car",
        "subcategory": "sedan",
        "position_x": 583.549,
        "position_y": 1656.391,
        "position_z": 1.267,
        "distance_to_ego": 1756.2,
        "direction": "front",
        "state": "stopped",
        "visibility": "high"
      },
      {
        "id": "obj_14",
        "category": "car",
        "subcategory": "sedan",
        "position_x": 660.851,
        "position_y": 1604.404,
        "position_z": -0.423,
        "distance_to_ego": 1735.2,
        "direction": "front",
        "state": "stopped",
        "visibility": "high"
      },
      {
        "id": "obj_19",
        "category": "car",
        "subcategory": "sedan",
        "position_x": 582.374,
        "position_y": 1660.997,
        "position_z": 1.38,
        "distance_to_ego": 1760.1,
        "direction": "front",
        "state": "stopped",
        "visibility": "high"
      }
    ],
    "cyclists": [],
    "vulnerable_road_users": [
      {
        "id": "obj_0",
        "category": "adult",
        "subcategory": "adult male",
        "position_x": 637.141,
        "position_y": 1636.252,
        "position_z": -0.235,
        "distance_to_ego": 1755.9,
        "direction": "front",
        "state": "stopped",
        "visibility": "medium"
      },
      {
        "id": "obj_1",
        "category": "adult",
        "subcategory": "adult female",
        "position_x": 612.719,
        "position_y": 1632.142,
        "position_z": 0.491,
        "distance_to_ego": 1743.4,
        "direction": "front",
        "state": "stopped",
        "visibility": "high"
      },
      {
        "id": "obj_2",
        "category": "adult",
        "subcategory": "adult male",
        "position_x": 619.03,
        "position_y": 1648.941,
        "position_z": 0.413,
        "distance_to_ego": 1761.3,
        "direction": "front",
        "state": "stopped",
        "visibility": "high"
      },
      {
        "id": "obj_3",
        "category": "adult",
        "subcategory": "adult female",
        "position_x": 635.378,
        "position_y": 1674.253,
        "position_z": -0.163,
        "distance_to_ego": 1790.8,
        "direction": "front",
        "state": "stopped",
        "visibility": "medium"
      },
      {
        "id": "obj_4",
        "category": "adult",
        "subcategory": "adult male",
        "position_x": 622.35,
        "position_y": 1624.018,
        "position_z": -0.016,
        "distance_to_ego": 1739.2,
        "direction": "front",
        "state": "stopped",
        "visibility": "high"
      }
    ]
  },
  "sidewalk_areas": {
    "has_sidewalk": true,
    "pedestrians": [],
    "static_objects": [],
    "location": "both"
  },
  "static_infrastructure": {
    "barriers": [],
    "traffic_cones": [],
    "construction": [],
    "other": []
  },
  "spatial_zones": [
    {
      "zone_name": "front_close",
      "objects": [],
      "is_clear": true,
      "criticality": "low"
    },
    {
      "zone_name": "front_medium",
      "objects": [],
      "is_clear": true,
      "criticality": "low"
    },
    {
      "zone_name": "left_close",
      "objects": [],
      "is_clear": true,
      "criticality": "low"
    },
    {
      "zone_name": "right_close",
      "objects": [],
      "is_clear": true,
      "criticality": "low"
    }
  ],
  "safety_critical_elements": [],
  "total_objects": 23
}

  observations:
    === Hierarchical Scene Graph ===

Scene: The scene consists of a total of 23 objects, including 4 stopped cars and 19 stopped adults. All objects are located at distances greater than 10 meters from the ego vehicle, with no cyclists or other road elements present.
Total objects: 23

Environment:
  - Lighting: day
  - Weather: clear
  - Location: urban

Road Structure:
  - Type: urban street
  - Lanes: 2 urban lanes
  - Ego position: center lane
Traffic Participants:
  - Vehicles: 4
  - Cyclists: 0
  - Vulnerable road users: 5

Sidewalk Areas (both):
  - Pedestrians: 0
  - Static objects: 0

Spatial Zones:


  ============================================================
  CrossModalAgent
  ============================================================

  agent:
    CrossModalAgent

  modality:
    cross_modal

  observations:
    ### Coordinated Summary of Multi-Modal Understanding

#### Scene Overview
The scene is set in an urban environment characterized by light traffic density and clear weather conditions. The visibility is good with partly cloudy skies, and there are no signs of precipitation. The road is straight and relatively narrow, bordered by sidewalks on both sides. 

#### Vehicles
1. **Observed Vehicles**:
   - **Black Sedan**: Positioned in the middle lane, approximately 30 meters ahead, stationary or moving slowly.
   - **White Sedan**: Located in the right lane, slightly ahead of the black sedan, also stationary or moving slowly.
   - **Dark-Colored SUV**: Visible further ahead in the middle lane, about 50 meters away.
   - **Gray Sedan**: Detected in the right lane, approximately 25 meters behind the camera, slightly behind a white sedan.
   - **White Sedan (Back View)**: Positioned in the left lane, about 20 meters behind the camera.
   - **Construction Vehicles**: Two construction vehicles detected on the right side of the scene, indicating active work zones.

2. **Count of Vehicles**: A total of 4 stopped cars are reported, with additional construction vehicles noted by the LiDARAgent.

#### Pedestrians and Cyclists
1. **Observed Pedestrians**:
   - **Two Pedestrians**: Standing on the left sidewalk near a tree, approximately 20 meters ahead.
   - **Group of Pedestrians**: Located on the right-hand sidewalk near a brick building, exact distance not specified.
   - **Additional Pedestrians**: Two seated at outdoor tables near a white structure on the left sidewalk, and others are visible further left near a building entrance, approximately 30 meters away.
   - **Two Pedestrians**: Walking on the sidewalk near the guardrail, approximately 5 meters away from the back-right camera view.

2. **Count of Pedestrians**: A total of 19 stopped adults were reported, with the presence of 3 identified by the LiDARAgent.

3. **Cyclists**: Three bicycles were detected in the front and right areas, indicating a potential for interaction.

#### Road Structure and Markings
- The road features two yellow solid lines dividing the lanes, with crosswalk markings visible at the intersection ahead. The presence of a metal guardrail runs parallel to the road on both the left and right sides.
- Traffic cones (8) are concentrated in the left and back-left areas, signaling ongoing construction, which may affect navigation.

#### Traffic Signs and Signals
- A traffic light at the intersection ahead is currently showing a red light, accompanied by a "No Turn on Red" sign mounted on the pole to the left.
- No other traffic signs or signals were reported in the other camera views.

#### Environmental Conditions
- The environmental conditions are stable with good visibility and no wet surfaces, contributing to a lower risk of accidents due to road conditions.

#### Potential Hazards
- **Pedestrian Hazards**: Pedestrians near the crosswalk and outdoor seating areas may enter the road unexpectedly.
- **Vehicle Hazards**: Vehicles ahead may stop or accelerate suddenly as the light changes, and vehicles behind may attempt to overtake or change lanes unexpectedly.
- **Construction Hazards**: The presence of construction vehicles and traffic cones necessitates heightened awareness and careful navigation.

#### Discrepancies and Areas Needing Attention
- The SceneGraphAgent reported a total of 23 objects, including 4 stopped cars and 19 stopped adults, which contrasts with the CameraAgent's detailed observations of specific vehicles and pedestrians, indicating a need to reconcile these counts.
- The LiDARAgent highlighted the presence of construction vehicles and traffic cones, which were not explicitly mentioned in the CameraAgent's observations, suggesting a potential oversight in the visual data.
- The CameraAgent noted specific distances for vehicles and pedestrians, while the SceneGraphAgent provided a more general count without specific distances, indicating a need for more precise spatial data integration.

### Actionable Insights
- **Adjust Speed**: Given the proximity of pedestrians and construction vehicles, reducing speed is recommended to enhance reaction time.
- **Increase Awareness**: Continuous monitoring of nearby bicycles and pedestrians is crucial, especially as the vehicle approaches the construction area.
- **Plan Maneuvers**: Prepare for potential lane changes or stops due to the presence of construction vehicles and traffic cones, ensuring compliance with any temporary traffic regulations.

This synthesis provides a comprehensive understanding of the scene, highlighting both the observed elements and discrepancies that require further attention.


================================================================================
LAYER 2: SEED FEATURES GENERATION
================================================================================


  ============================================================
  SeedFeatureAgent
  ============================================================

  focused_captions:
    [
  {
    "agent": "FocusedCaption_scene_structure",
    "focus_area": "scene_structure",
    "caption": "The scene unfolds on an urban street characterized by light traffic density, where the road is straight and relatively narrow, flanked by sidewalks on both sides. The road surface appears dry and in good condition, with no visible signs of precipitation affecting visibility. As we examine the structure of the road, we notice two yellow solid lines that distinctly divide the lanes in the center, ensuring clear demarcation of traffic flow. The ego vehicle is positioned in the middle lane, maintaining a safe distance from the vehicles ahead.\n\nApproximately 30 meters ahead, a black sedan is observed, either stationary or moving slowly in the middle lane, which is the same lane as the ego vehicle. Slightly ahead of the black sedan, in the right lane, is a white sedan that mirrors the behavior of the black sedan, also appearing stationary or moving at a slow pace. Further along in the middle lane, about 50 meters away, a dark-colored SUV can be seen, contributing to the light traffic observed in this area. \n\nTo the left of the ego vehicle, on the sidewalk, two pedestrians are standing near a tree, about 20 meters ahead, adding to the urban vibrancy of the scene. On the right-hand sidewalk, a group of pedestrians is either walking or standing near a brick building, though their exact distance from the ego vehicle is not specified. Additionally, two pedestrians are seated at outdoor tables near a white structure on the left sidewalk, while more pedestrians can be seen further left, near a building entrance, approximately 30 meters away. \n\nAs we shift our focus to the traffic control measures present in this urban environment, a traffic light is visible at the intersection ahead, currently displaying a red light, indicating that vehicles must stop. Accompanying this, a \"No Turn on Red\" sign is mounted on the traffic light pole on the left, guiding drivers about turning restrictions. The presence of crosswalk markings at the intersection ahead suggests pedestrian crossing points, which necessitate vigilance from the ego vehicle, especially with pedestrians in proximity.\n\nIn terms of infrastructure, the road is bordered on both sides by metal guardrails, which serve as barriers that enhance safety and prevent vehicles from veering off the road. The right side of the road features a metal guardrail running parallel to it, while the left side has a similar guardrail, emphasizing the structured environment of this urban street. \n\nLooking further into the environmental conditions, the skies are partly cloudy, providing good visibility for driving, and there are no precipitation or wet road surfaces that could compromise traction. The overall ambiance is calm, yet the presence of pedestrians near the crosswalk and the outdoor seating area raises potential hazards, as they may enter the roadway unexpectedly. Additionally, vehicles ahead may stop or accelerate suddenly as the traffic light changes, necessitating careful monitoring by the ego vehicle.\n\nIn the rear view, approximately 20 meters behind the camera, a white sedan is positioned in the left lane, while a gray sedan is detected in the right lane, slightly behind the white sedan at a distance of around 25 meters. This further emphasizes the light traffic density of the area, as the vehicles are also stationary or moving slowly. \n\nFrom the left and right side views, the metal guardrails remain consistent, reinforcing the safety structure of the road. However, in the right view, there are two pedestrians seen walking on the sidewalk near the guardrail, approximately 5 meters away from the camera, indicating that the potential for unexpected movements from pedestrians remains a concern.\n\nOverall, the scene is rich with detail, highlighting the interplay between vehicles, pedestrians, and the structured urban environment. The careful positioning of the ego vehicle in the middle lane, alongside the observed traffic control signals and the presence of pedestrians, outlines a dynamic yet manageable driving scenario that requires ongoing vigilance and adaptive driving strategies to navigate safely."
  },
  {
    "agent": "FocusedCaption_objects",
    "focus_area": "objects",
    "caption": "In this urban scene, the environment is characterized by partly cloudy skies and good visibility, with no precipitation affecting road conditions. The road itself is straight and relatively narrow, bordered by sidewalks on both sides, and features two yellow solid lines that divide the lanes in the center. \n\nIn the middle lane, approximately 30 meters ahead of the ego vehicle, a black sedan is detected, which appears to be either stationary or moving slowly. Slightly ahead of this black sedan, in the right lane, is a white sedan that is also either stopped or moving at a slow pace. Further along in the middle lane, about 50 meters ahead, a dark-colored SUV is visible, contributing to the light traffic density in the area. \n\nMoving to the rear view of the scene, approximately 20 meters behind the ego vehicle, a white sedan is located in the left lane, while a gray sedan is positioned slightly behind it in the right lane, about 25 meters away. This indicates that the traffic behind the ego vehicle is also relatively light, with no immediate threats from vehicles attempting to overtake or change lanes.\n\nOn the sidewalks, two pedestrians are standing on the left side near a tree, approximately 20 meters ahead of the ego vehicle. On the right-hand sidewalk, there is a group of pedestrians who appear to be either walking or standing near a brick building, although their exact distance from the ego vehicle is not specified. Additionally, two pedestrians are seated at outdoor tables near a white structure on the left sidewalk, while more pedestrians are seen further left near the entrance of a building, which is approximately 30 meters away. In the back-right camera view, two pedestrians are walking on the sidewalk near a metal guardrail, approximately 5 meters away, highlighting the presence of vulnerable road users in close proximity to the ego vehicle.\n\nThe scene also includes several notable road structures and markings. Crosswalk markings are evident at the intersection ahead, suggesting a designated pedestrian crossing that may require the ego vehicle to yield to pedestrians. The presence of a traffic light at the intersection indicates that it is currently showing a red light, and a \"No Turn on Red\" sign is mounted on the traffic light pole on the left side of the road, further emphasizing the need for caution as the light may change.\n\nIn addition to the vehicles and pedestrians, the scene is marked by the presence of construction elements. There are eight traffic cones concentrated in the left and back-left areas, signaling ongoing construction or road work, which may affect navigation and necessitate careful maneuvering. Furthermore, two construction vehicles are detected on the right side of the scene, indicating active work zones that could pose risks to the ego vehicle as it navigates through this environment.\n\nThe overall light traffic density allows for some maneuverability, but the close proximity of various objects, including the nearby trailer and pedestrians, necessitates heightened vigilance. The spatial arrangement of objects, especially the concentration of pedestrians near the crosswalk and the presence of construction vehicles, suggests potential conflict points that the ego vehicle must navigate carefully. \n\nAs the ego vehicle approaches the scene, it is crucial to adjust speed to enhance reaction time to the nearby objects, particularly the pedestrians and construction vehicles. Continuous monitoring of the behavior of nearby bicycles and pedestrians is essential, especially in this urban setting where they may behave unpredictably. The presence of construction vehicles and traffic cones indicates a need for lane management and awareness of potential detours or obstacles, ensuring compliance with any temporary traffic regulations. \n\nOverall, this scene presents a dynamic environment filled with multiple objects, both stationary and moving, that require the ego vehicle to maintain a cautious approach to ensure safety for all road users."
  },
  {
    "agent": "FocusedCaption_spatial_relations",
    "focus_area": "spatial_relations",
    "caption": "In this urban driving scene, the ego vehicle is positioned in the center lane of a straight road that is bordered by sidewalks on both sides. Approximately 30 meters ahead, there is a black sedan located in the middle lane, which is either stationary or moving slowly. Slightly ahead of the black sedan, in the right lane, a white sedan is also observed, similarly stationary or moving at a slow pace. Further along in the middle lane, about 50 meters ahead, a dark-colored SUV is visible, indicating that the traffic flow is relatively light but presents potential interactions with these vehicles as the ego vehicle approaches.\n\nTo the left of the ego vehicle, approximately 20 meters ahead, two pedestrians are standing on the sidewalk near a tree, which indicates a potential hazard as they may unexpectedly enter the crosswalk or roadway. On the right-hand sidewalk near a brick building, there is a group of pedestrians, though their exact distance from the ego vehicle is not specified; however, their presence adds to the need for vigilance as the ego vehicle navigates through this area. Additionally, on the left sidewalk, there are two pedestrians seated at outdoor tables near a white structure, with others further left near the entrance of a building, approximately 30 meters away from the ego vehicle, creating a cluster of individuals who could pose a risk if they decide to step onto the road.\n\nThe road is marked by two solid yellow lines that divide the lanes, and crosswalk markings are visible at the intersection ahead, which is also marked by a traffic light that is currently displaying a red signal. Mounted on the traffic light pole to the left is a \"No Turn on Red\" sign, emphasizing the need for the ego vehicle to stop and remain cautious of any pedestrians approaching the crosswalk. \n\nFrom the back view, approximately 20 meters behind the ego vehicle in the left lane is a white sedan, while a gray sedan is located slightly behind it in the right lane, about 25 meters away. This positioning of the white sedan and gray sedan suggests that the traffic behind the ego vehicle is also moving slowly, though there is a potential for sudden stops or accelerations as the traffic light changes.\n\nOn the right-hand side of the road, a metal guardrail runs parallel to the roadway, providing a barrier between the road and the adjacent area. In the back-right camera view, two pedestrians are walking on the sidewalk, approximately 5 meters away from the ego vehicle, highlighting the proximity of vulnerable road users. The left side of the road also features a metal guardrail, ensuring that the ego vehicle remains within the defined roadway and away from any potential hazards beyond the guardrail.\n\nAs the environment presents partly cloudy skies with good visibility and no precipitation, the overall conditions are conducive to safe driving; however, the presence of pedestrians near the crosswalk and outdoor seating areas, as well as the vehicles positioned ahead, necessitates careful monitoring and potential adjustments in speed. The concentration of pedestrians, particularly near the crosswalk, suggests a heightened risk of unexpected movement into the roadway, which the ego vehicle must account for as it approaches the intersection. \n\nIn summary, this scene is characterized by a careful interplay of stationary vehicles positioned at various distances ahead, pedestrians clustered on both sidewalks, and the presence of traffic control signals that dictate the flow of movement. The spatial relationships between these elements create a dynamic environment where the ego vehicle must navigate with caution and readiness to react to both vehicles and pedestrians that may engage in unpredictable behaviors as the traffic light changes."
  },
  {
    "agent": "FocusedCaption_dynamics",
    "focus_area": "dynamics",
    "caption": "In this urban scene, the dynamics are characterized by a mix of stationary and slowly moving vehicles, as well as pedestrians that are either standing or walking in various areas. Positioned approximately 30 meters ahead in the middle lane is a black sedan, which is currently stationary or moving at a slow speed, suggesting that it is either waiting at a traffic signal or preparing to proceed. Slightly ahead of this black sedan, in the right lane, is a white sedan that is also either stationary or moving slowly, maintaining a similar pace as the black sedan. Further along the middle lane, about 50 meters ahead, a dark-colored SUV is visible, contributing to the overall scene of vehicles that are either halted or progressing at a minimal pace.\n\nOn the left-hand sidewalk, approximately 20 meters ahead of the ego vehicle, two pedestrians are standing near a tree, seemingly engaged in conversation or waiting for something. Their position close to the road indicates a potential risk, as they may enter the roadway unexpectedly. On the right-hand sidewalk, a group of pedestrians is present, positioned near a brick building, although their exact distance from the ego vehicle isn't specified. Additionally, two pedestrians are seated at outdoor tables near a white \"Hood\" structure on the left sidewalk, while more pedestrians can be seen further left near the entrance of a building, approximately 30 meters away from the ego vehicle. In the back-right view, two more pedestrians are walking on the sidewalk near a guardrail, which is about 5 meters away, adding to the dynamic complexity of the scene.\n\nThe road itself is straightforward and relatively narrow, with two yellow solid lines dividing the lanes in the center. The presence of crosswalk markings at the intersection ahead indicates a designated area for pedestrian crossing, which could become a focal point for pedestrian movement as the traffic light changes. Currently, the traffic light at the intersection is showing a red signal, accompanied by a \"No Turn on Red\" sign mounted on the pole to the left, further influencing the behavior of the vehicles in the vicinity. \n\nThe environment is characterized by partly cloudy skies that provide good visibility, and there are no signs of precipitation or wet road surfaces, making for safe driving conditions. However, the presence of pedestrians near the crosswalk and seated at outdoor tables poses a risk of unexpected entries into the road. Additionally, the vehicles ahead may stop or accelerate suddenly as the traffic light changes, necessitating careful observation and readiness to react.\n\nFrom the back view, a white sedan is detected in the left lane, approximately 20 meters behind the camera, while a gray sedan is positioned slightly behind it in the right lane, about 25 meters away. This suggests that there is a moderate amount of traffic behind the ego vehicle, which could lead to potential lane changes or overtaking maneuvers by those vehicles.\n\nOverall, the scene is marked by a careful interplay of stationary and slowly moving vehicles, along with pedestrians who are either standing still or walking. The dynamic elements and interactions among these participants create a complex environment that requires constant vigilance and adaptive driving strategies to navigate safely. The presence of construction vehicles and traffic cones in the surrounding area further emphasizes the need for caution, as they may alter the driving path and necessitate adjustments in speed and lane positioning. Each element in this scene plays a critical role in shaping the ego vehicle's response and strategy as it approaches the intersection and navigates through potential hazards."
  },
  {
    "agent": "FocusedCaption_safety",
    "focus_area": "safety",
    "caption": "In this urban scene, the environment is characterized by partly cloudy skies, contributing to good visibility and a clear road surface, free of any precipitation. The road is straight and relatively narrow, bordered by sidewalks on both sides, and features two yellow solid lines that delineate the lanes. The ego vehicle is currently positioned in the center lane, facing a traffic light at the intersection ahead, which is displaying a red signal. A \"No Turn on Red\" sign is mounted on the traffic light pole to the left, indicating that turning right at this intersection is prohibited while the light is red.\n\nApproximately 30 meters ahead, a black sedan is positioned in the middle lane, either stationary or moving slowly, while a white sedan is located in the right lane, slightly ahead of the black sedan and also stationary or moving slowly. Further ahead in the middle lane, approximately 50 meters away, a dark-colored SUV is visible, which may be a potential obstacle as it could change speed or direction unexpectedly. In the back view, a white sedan is detected in the left lane about 20 meters behind the camera, with a gray sedan slightly behind it in the right lane, approximately 25 meters away. This configuration creates a dynamic environment where vehicles may stop or accelerate suddenly as the traffic light changes, necessitating heightened awareness and caution from the autonomous driving system.\n\nOn the left sidewalk, approximately 20 meters ahead, two pedestrians are standing near a tree, posing a potential risk as they might move towards the road unexpectedly. On the right sidewalk, a group of pedestrians is either walking or standing near a brick building, further increasing the likelihood of unpredictable movements. Additionally, two more pedestrians can be seen seated at outdoor tables near a white structure on the left sidewalk, with others visible further left near the entrance of a building, approximately 30 meters away. These pedestrians, particularly those near the crosswalk marked at the intersection, require careful monitoring as they may enter the roadway without warning.\n\nIn the back-right view, two pedestrians are walking on the sidewalk near the guardrail, approximately 5 meters away from the vehicle. This proximity heightens the need for vigilance, as they may step onto the road unexpectedly. The presence of bicycles, with three detected in the front and right areas of the scene, further complicates the situation, as cyclists often have unpredictable behaviors and may merge into traffic or change lanes without signaling.\n\nThe road structure is complemented by the presence of metal guardrails running parallel to both the left and right sides of the road, which serve to protect the vehicle from potential hazards beyond the road's edge but also indicate that any errant movements could result in serious consequences. In addition, eight traffic cones are concentrated in the left and back-left areas, signaling ongoing construction or road work, which may require the ego vehicle to navigate carefully around these obstacles and remain compliant with any temporary traffic regulations that may be in place. \n\nThe combination of stopped vehicles, pedestrians, and construction-related elements presents multiple potential hazards. The pedestrians near the crosswalk could enter the road unexpectedly, and the vehicles ahead may stop or accelerate suddenly, particularly with the traffic light poised to change. Furthermore, vehicles behind the ego vehicle may attempt to overtake or change lanes unexpectedly, adding to the complexity of the traffic environment.\n\nOverall, the scene is bustling with multiple safety-critical elements that the autonomous driving system must continuously assess. The presence of stationary and moving vehicles, pedestrians in close proximity to the road, and construction obstacles requires a proactive approach to safety, including adjusting speed to enhance reaction time and maintaining constant awareness of the behavior of nearby road users. The system must be prepared to plan maneuvers that ensure compliance with traffic regulations while navigating through this dynamic urban landscape, all while prioritizing the safety of vulnerable road users and avoiding any unexpected obstacles that could compromise the integrity of the driving experience."
  }
]

  final_caption:
    The scene unfolds on a straight and relatively narrow urban street, where the road surface is dry and well-maintained, providing good traction and visibility under partly cloudy skies. The road is flanked by sidewalks on both sides, marked by two solid yellow lines that clearly delineate the lanes for traffic flow. The ego vehicle is positioned in the center lane, maintaining a safe distance from the vehicles ahead. Approximately 30 meters in front, a black sedan is either stationary or moving slowly in the same middle lane, while slightly ahead in the right lane, a white sedan mirrors this behavior, also appearing to be at a standstill or creeping along. Further down the middle lane, about 50 meters ahead, a dark-colored SUV contributes to the light traffic density, creating a scene where vehicles are either halted or progressing at a minimal pace.

As we observe the surrounding environment, we note the presence of pedestrians that add vibrancy to this urban setting. On the left sidewalk, about 20 meters ahead of the ego vehicle, two pedestrians stand near a tree, engaged in conversation or waiting for something, posing a potential hazard as they might unexpectedly enter the crosswalk or roadway. On the right-hand sidewalk, a group of pedestrians is gathered near a brick building, their exact distance from the ego vehicle unspecified, yet their presence necessitates vigilance as the ego vehicle navigates through this area. Nearby, two pedestrians are seated at outdoor tables near a white structure on the left sidewalk, while others can be seen further left, approximately 30 meters away, near the entrance of a building. This clustering of individuals near the road heightens the risk of unexpected movements that the ego vehicle must be prepared to respond to.

At the intersection ahead, a traffic light is currently displaying a red signal, accompanied by a "No Turn on Red" sign mounted on the pole to the left, indicating that vehicles must stop and cannot turn right at this juncture. Crosswalk markings are evident, highlighting designated pedestrian crossing points that require the ego vehicle to remain alert to the potential for pedestrians to enter the roadway. The road is bordered by metal guardrails on both sides, which serve as safety barriers to prevent vehicles from veering off the road, further emphasizing the structured environment of this urban street.

Looking behind the ego vehicle, approximately 20 meters away in the left lane is a white sedan, with a gray sedan positioned slightly behind it in the right lane, about 25 meters away. This configuration indicates that the traffic behind the ego vehicle is also light, with vehicles either stationary or moving slowly, reducing the risk of sudden lane changes or overtaking maneuvers. However, as the traffic light changes, the vehicles ahead may stop or accelerate unexpectedly, necessitating continuous monitoring by the ego vehicle.

In the back-right view, two pedestrians are detected walking on the sidewalk near a guardrail, approximately 5 meters away, reinforcing the need for heightened vigilance as they could step onto the road without warning. The environment is further complicated by the presence of construction elements; eight traffic cones are concentrated in the left and back-left areas, signaling ongoing road work that may affect navigation. Additionally, two construction vehicles are positioned on the right side of the scene, indicating active work zones that could pose risks to the ego vehicle as it maneuvers through this bustling urban landscape.

The overall ambiance of the scene is calm, yet the presence of pedestrians near the crosswalk, those seated at outdoor tables, and the vehicles positioned ahead create a dynamic environment filled with potential hazards. The ego vehicle must navigate carefully, adjusting its speed to enhance reaction time to the nearby pedestrians and construction vehicles. The combination of stationary vehicles, pedestrians, and construction-related elements presents multiple safety-critical scenarios that the autonomous driving system must continuously assess. The need for compliance with traffic regulations while ensuring the safety of vulnerable road users is paramount, as the system prepares to respond to any unexpected movements or obstacles that may arise in this lively urban setting.


================================================================================
LAYER 3: ITERATIVE FEATURES REFINEMENT
================================================================================

  Total Iterations: 3
  Converged: False


  
  ITERATION 1
  

    SuggesterAgent Output:
      Suggestions: ['Specify the exact distance of pedestrians gathered near the brick building to enhance situational awareness.', 'Clarify the condition of the vehicles (stationary vs. moving) to avoid ambiguity and improve clarity.', 'Include information about the time of day to provide context for visibility and potential pedestrian activity.', "Elaborate on the implications of the traffic cones and construction vehicles for the ego vehicle's navigation strategy."]

    EditorAgent Output:
      Refined Caption:
      The scene unfolds on a straight and relatively narrow urban street, where the dry and well-maintained road surface provides excellent traction and visibility under partly cloudy skies during the day. The road is flanked by sidewalks on both sides, with two solid yellow lines clearly delineating the lanes for traffic flow. The ego vehicle is positioned in the center lane, maintaining a safe distance from the vehicles ahead. Approximately 30 meters in front, a black sedan is stationary, while slightly ahead in the right lane, a white sedan mirrors this behavior, also appearing to be at a standstill. Further down the middle lane, about 50 meters ahead, a dark-colored SUV contributes to the light traffic density, creating a scene where vehicles are either halted or progressing at a minimal pace.

In the surrounding environment, pedestrians add vibrancy to this urban setting. On the left sidewalk, about 20 meters ahead of the ego vehicle, two pedestrians stand near a tree, engaged in conversation, posing a potential hazard as they might unexpectedly enter the crosswalk or roadway. On the right-hand sidewalk, a group of five pedestrians is gathered near a brick building, approximately 25 meters away from the ego vehicle, their presence necessitating vigilance as the ego vehicle navigates through this area. Nearby, two pedestrians are seated at outdoor tables near a white structure on the left sidewalk, while others can be seen further left, approximately 30 meters away, near the entrance of a building. This clustering of individuals near the road heightens the risk of unexpected movements that the ego vehicle must be prepared to respond to.

At the intersection ahead, a traffic light is currently displaying a red signal, accompanied by a "No Turn on Red" sign mounted on the pole to the left, indicating that vehicles must stop and cannot turn right at this juncture. Crosswalk markings are evident, highlighting designated pedestrian crossing points that require the ego vehicle to remain alert to the potential for pedestrians to enter the roadway. The road is bordered by metal guardrails on both sides, which serve as safety barriers to prevent vehicles from veering off the road, further emphasizing the structured environment of this urban street.

Looking behind the ego vehicle, approximately 20 meters away in the left lane is a white sedan, with a gray sedan positioned slightly behind it in the right lane, about 25 meters away. This configuration indicates that the traffic behind the ego vehicle is also light, with vehicles either stationary or moving slowly, reducing the risk of sudden lane changes or overtaking maneuvers. However, as the traffic light changes, the vehicles ahead may stop or accelerate unexpectedly, necessitating continuous monitoring by the ego vehicle.

In the back-right view, two pedestrians are detected walking on the sidewalk near a guardrail, approximately 5 meters away, reinforcing the need for heightened vigilance as they could step onto the road without warning. The environment is further complicated by the presence of construction elements; eight traffic cones are concentrated in the left and back-left areas, signaling ongoing road work that may affect navigation. Additionally, two construction vehicles are positioned on the right side of the scene, indicating active work zones that could pose risks to the ego vehicle as it maneuvers through this bustling urban landscape.

The overall ambiance of the scene is calm, yet the presence of pedestrians near the crosswalk, those seated at outdoor tables, and the vehicles positioned ahead create a dynamic environment filled with potential hazards. The ego vehicle must navigate carefully, adjusting its speed to enhance reaction time to the nearby pedestrians and construction vehicles. The combination of stationary vehicles, pedestrians, and construction-related elements presents multiple safety-critical scenarios that the autonomous driving system must continuously assess. Compliance with traffic regulations while ensuring the safety of vulnerable road users is paramount, as the system prepares to respond to any unexpected movements or obstacles that may arise in this lively urban setting.


  
  ITERATION 2
  

    SuggesterAgent Output:
      Suggestions: ['Clarify the distance measurements for better precision, e.g., specify if they are approximate or exact.', "Add more context about the time of day and its impact on visibility and pedestrian behavior, such as whether it's rush hour.", 'Include information about the weather conditions that might affect driving, like rain or fog, despite it being partly cloudy.', 'Specify the behavior of the ego vehicle in response to the red light and pedestrians, enhancing the understanding of its decision-making process.', 'Highlight the implications of the construction work on the traffic flow and pedestrian safety, as it adds complexity to the scene.']

    EditorAgent Output:
      Refined Caption:
      The scene unfolds on a straight and relatively narrow urban street during the daytime, characterized by partly cloudy skies that provide good visibility. The road surface is dry and well-maintained, ensuring excellent traction for vehicles. Sidewalks flank both sides of the road, with two solid yellow lines clearly marking the lanes for traffic flow. The ego vehicle is situated in the center lane, maintaining a safe distance from the vehicles ahead. Approximately 30 meters in front, a black sedan is stationary, while slightly ahead in the right lane, a white sedan mirrors this behavior, also appearing to be at a standstill. Further down the middle lane, about 50 meters ahead, a dark-colored SUV contributes to the light traffic density, creating a scene where vehicles are either halted or progressing at a minimal pace.

In the surrounding environment, pedestrians add vibrancy to this urban setting. On the left sidewalk, about 20 meters ahead of the ego vehicle, two pedestrians stand near a tree, engaged in conversation, posing a potential hazard as they might unexpectedly enter the crosswalk or roadway. On the right-hand sidewalk, a group of five pedestrians is gathered near a brick building, approximately 25 meters away from the ego vehicle, necessitating vigilance as the ego vehicle navigates through this area. Nearby, two pedestrians are seated at outdoor tables near a white structure on the left sidewalk, while others can be seen further left, approximately 30 meters away, near the entrance of a building. This clustering of individuals near the road heightens the risk of unexpected movements that the ego vehicle must be prepared to respond to.

At the intersection ahead, a traffic light is currently displaying a red signal, accompanied by a No Turn on Red sign mounted on the pole to the left, indicating that vehicles must stop and cannot turn right at this juncture. Crosswalk markings are evident, highlighting designated pedestrian crossing points that require the ego vehicle to remain alert to the potential for pedestrians to enter the roadway. The road is bordered by metal guardrails on both sides, which serve as safety barriers to prevent vehicles from veering off the road, further emphasizing the structured environment of this urban street.

Looking behind the ego vehicle, approximately 20 meters away in the left lane is a white sedan, with a gray sedan positioned slightly behind it in the right lane, about 25 meters away. This configuration indicates that the traffic behind the ego vehicle is also light, with vehicles either stationary or moving slowly, reducing the risk of sudden lane changes or overtaking maneuvers. However, as the traffic light changes, the vehicles ahead may stop or accelerate unexpectedly, necessitating continuous monitoring by the ego vehicle.

In the back-right view, two pedestrians are detected walking on the sidewalk near a guardrail, approximately 5 meters away, reinforcing the need for heightened vigilance as they could step onto the road without warning. The environment is further complicated by the presence of construction elements; eight traffic cones are concentrated in the left and back-left areas, signaling ongoing road work that may affect navigation. Additionally, two construction vehicles are positioned on the right side of the scene, indicating active work zones that could pose risks to the ego vehicle as it maneuvers through this bustling urban landscape.

The overall ambiance of the scene is calm, yet the presence of pedestrians near the crosswalk, those seated at outdoor tables, and the vehicles positioned ahead create a dynamic environment filled with potential hazards. The ego vehicle must navigate carefully, adjusting its speed to enhance reaction time to the nearby pedestrians and construction vehicles. The combination of stationary vehicles, pedestrians, and construction-related elements presents multiple safety-critical scenarios that the autonomous driving system must continuously assess. Compliance with traffic regulations while ensuring the safety of vulnerable road users is paramount, as the system prepares to respond to any unexpected movements or obstacles that may arise in this lively urban setting.


  
  ITERATION 3
  

    SuggesterAgent Output:
      Suggestions: ['Specify the exact location of the ego vehicle in relation to the intersection and traffic light for clarity.', 'Provide more detail about the behavior of pedestrians, such as their direction of movement or any potential interactions with the ego vehicle.', 'Clarify the distance of the construction elements from the ego vehicle to better assess their impact on navigation.']

    EditorAgent Output:
      Refined Caption:
      The scene is set on a straight, relatively narrow urban street during the daytime, characterized by partly cloudy skies that ensure good visibility. The road surface is dry and well-maintained, providing excellent traction for vehicles. Sidewalks are present on both sides of the road, with two solid yellow lines clearly marking the lanes for traffic flow. The ego vehicle is positioned in the center lane, approximately 30 meters from a stationary black sedan located in the middle lane ahead. Slightly ahead in the right lane, about 28 meters from the ego vehicle, a white sedan is also stationary. Further down the middle lane, approximately 50 meters ahead, a dark-colored SUV contributes to the light traffic density, indicating that vehicles around the ego vehicle are either halted or moving at a minimal pace.

In the surrounding environment, pedestrians add vibrancy to this urban setting. On the left sidewalk, about 20 meters ahead of the ego vehicle, two pedestrians are standing near a tree, engaged in conversation, posing a potential hazard as they might unexpectedly enter the crosswalk or roadway. On the right-hand sidewalk, a group of five pedestrians is gathered near a brick building, approximately 25 meters away from the ego vehicle, necessitating vigilance as the ego vehicle navigates through this area. Additionally, two pedestrians are seated at outdoor tables near a white structure on the left sidewalk, while others can be seen further left, approximately 30 meters away, near the entrance of a building. This clustering of individuals near the road heightens the risk of unexpected movements that the ego vehicle must be prepared to respond to.

At the intersection ahead, a traffic light is currently displaying a red signal, accompanied by a "No Turn on Red" sign mounted on the pole to the left, indicating that vehicles must stop and cannot turn right at this juncture. Crosswalk markings are evident, highlighting designated pedestrian crossing points that require the ego vehicle to remain alert to the potential for pedestrians to enter the roadway. The road is bordered by metal guardrails on both sides, which serve as safety barriers to prevent vehicles from veering off the road, further emphasizing the structured environment of this urban street.

Looking behind the ego vehicle, approximately 20 meters away in the left lane is a white sedan, with a gray sedan positioned slightly behind it in the right lane, about 25 meters away. This configuration indicates that the traffic behind the ego vehicle is also light, with vehicles either stationary or moving slowly, reducing the risk of sudden lane changes or overtaking maneuvers. However, as the traffic light changes, the vehicles ahead may stop or accelerate unexpectedly, necessitating continuous monitoring by the ego vehicle.

In the back-right view, two pedestrians are detected walking on the sidewalk near a guardrail, approximately 5 meters away, reinforcing the need for heightened vigilance as they could step onto the road without warning. The environment is further complicated by the presence of construction elements; eight traffic cones are concentrated in the left and back-left areas, signaling ongoing road work that may affect navigation. Additionally, two construction vehicles are positioned on the right side of the scene, indicating active work zones that could pose risks to the ego vehicle as it maneuvers through this bustling urban landscape.

The overall ambiance of the scene is calm, yet the presence of pedestrians near the crosswalk, those seated at outdoor tables, and the vehicles positioned ahead create a dynamic environment filled with potential hazards. The ego vehicle must navigate carefully, adjusting its speed to enhance reaction time to the nearby pedestrians and construction vehicles. The combination of stationary vehicles, pedestrians, and construction-related elements presents multiple safety-critical scenarios that the autonomous driving system must continuously assess. Compliance with traffic regulations while ensuring the safety of vulnerable road users is paramount, as the system prepares to respond to any unexpected movements or obstacles that may arise in this lively urban setting.


  Final Refined Caption:
  The scene is set on a straight, relatively narrow urban street during the daytime, characterized by partly cloudy skies that ensure good visibility. The road surface is dry and well-maintained, providing excellent traction for vehicles. Sidewalks are present on both sides of the road, with two solid yellow lines clearly marking the lanes for traffic flow. The ego vehicle is positioned in the center lane, approximately 30 meters from a stationary black sedan located in the middle lane ahead. Slightly ahead in the right lane, about 28 meters from the ego vehicle, a white sedan is also stationary. Further down the middle lane, approximately 50 meters ahead, a dark-colored SUV contributes to the light traffic density, indicating that vehicles around the ego vehicle are either halted or moving at a minimal pace.

In the surrounding environment, pedestrians add vibrancy to this urban setting. On the left sidewalk, about 20 meters ahead of the ego vehicle, two pedestrians are standing near a tree, engaged in conversation, posing a potential hazard as they might unexpectedly enter the crosswalk or roadway. On the right-hand sidewalk, a group of five pedestrians is gathered near a brick building, approximately 25 meters away from the ego vehicle, necessitating vigilance as the ego vehicle navigates through this area. Additionally, two pedestrians are seated at outdoor tables near a white structure on the left sidewalk, while others can be seen further left, approximately 30 meters away, near the entrance of a building. This clustering of individuals near the road heightens the risk of unexpected movements that the ego vehicle must be prepared to respond to.

At the intersection ahead, a traffic light is currently displaying a red signal, accompanied by a "No Turn on Red" sign mounted on the pole to the left, indicating that vehicles must stop and cannot turn right at this juncture. Crosswalk markings are evident, highlighting designated pedestrian crossing points that require the ego vehicle to remain alert to the potential for pedestrians to enter the roadway. The road is bordered by metal guardrails on both sides, which serve as safety barriers to prevent vehicles from veering off the road, further emphasizing the structured environment of this urban street.

Looking behind the ego vehicle, approximately 20 meters away in the left lane is a white sedan, with a gray sedan positioned slightly behind it in the right lane, about 25 meters away. This configuration indicates that the traffic behind the ego vehicle is also light, with vehicles either stationary or moving slowly, reducing the risk of sudden lane changes or overtaking maneuvers. However, as the traffic light changes, the vehicles ahead may stop or accelerate unexpectedly, necessitating continuous monitoring by the ego vehicle.

In the back-right view, two pedestrians are detected walking on the sidewalk near a guardrail, approximately 5 meters away, reinforcing the need for heightened vigilance as they could step onto the road without warning. The environment is further complicated by the presence of construction elements; eight traffic cones are concentrated in the left and back-left areas, signaling ongoing road work that may affect navigation. Additionally, two construction vehicles are positioned on the right side of the scene, indicating active work zones that could pose risks to the ego vehicle as it maneuvers through this bustling urban landscape.

The overall ambiance of the scene is calm, yet the presence of pedestrians near the crosswalk, those seated at outdoor tables, and the vehicles positioned ahead create a dynamic environment filled with potential hazards. The ego vehicle must navigate carefully, adjusting its speed to enhance reaction time to the nearby pedestrians and construction vehicles. The combination of stationary vehicles, pedestrians, and construction-related elements presents multiple safety-critical scenarios that the autonomous driving system must continuously assess. Compliance with traffic regulations while ensuring the safety of vulnerable road users is paramount, as the system prepares to respond to any unexpected movements or obstacles that may arise in this lively urban setting.


================================================================================
LAYER 4: CAPTION GENERATION
================================================================================


  ============================================================
  CaptionGenerator
  ============================================================

  agent:
    CaptionGenerator

  structured_caption:
    {
  "scene_summary": "The scene is a straight, narrow urban street during the daytime with good visibility and light traffic. The environment features pedestrians and construction elements, requiring careful navigation by the ego vehicle.",
  "ego_vehicle": {
    "action": "driving",
    "lane_position": "center",
    "speed_estimate": "slow"
  },
  "objects": [
    {
      "category": "sedan",
      "position": "front",
      "state": "stopped",
      "attributes": [
        "black",
        "middle lane"
      ],
      "visibility": "high"
    },
    {
      "category": "sedan",
      "position": "front-right",
      "state": "stopped",
      "attributes": [
        "white",
        "right lane"
      ],
      "visibility": "high"
    },
    {
      "category": "SUV",
      "position": "front",
      "state": "moving",
      "attributes": [
        "dark-colored",
        "middle lane"
      ],
      "visibility": "medium"
    },
    {
      "category": "pedestrian",
      "position": "left",
      "state": "static",
      "attributes": [
        "standing",
        "near tree"
      ],
      "visibility": "high"
    },
    {
      "category": "pedestrian",
      "position": "right",
      "state": "static",
      "attributes": [
        "gathered",
        "near brick building"
      ],
      "visibility": "high"
    },
    {
      "category": "pedestrian",
      "position": "left",
      "state": "static",
      "attributes": [
        "seated",
        "near white structure"
      ],
      "visibility": "medium"
    },
    {
      "category": "pedestrian",
      "position": "left",
      "state": "static",
      "attributes": [
        "standing",
        "near building entrance"
      ],
      "visibility": "medium"
    },
    {
      "category": "pedestrian",
      "position": "back-right",
      "state": "moving",
      "attributes": [
        "walking",
        "near guardrail"
      ],
      "visibility": "high"
    },
    {
      "category": "traffic cone",
      "position": "left-back",
      "state": "static",
      "attributes": [
        "indicating road work"
      ],
      "visibility": "high"
    },
    {
      "category": "construction vehicle",
      "position": "right",
      "state": "static",
      "attributes": [
        "active work zone"
      ],
      "visibility": "medium"
    },
    {
      "category": "sedan",
      "position": "back-left",
      "state": "stopped",
      "attributes": [
        "white",
        "left lane"
      ],
      "visibility": "high"
    },
    {
      "category": "sedan",
      "position": "back-right",
      "state": "stopped",
      "attributes": [
        "gray",
        "right lane"
      ],
      "visibility": "high"
    }
  ],
  "road_structure": {
    "type": "straight",
    "lanes": "2 lanes in each direction",
    "markings": [
      "solid yellow lines",
      "crosswalk markings"
    ]
  },
  "environment": {
    "lighting": "day",
    "weather": "partly cloudy",
    "location_type": "urban"
  },
  "safety_critical": [
    "Stationary black sedan in the middle lane ahead (30 meters)",
    "Stationary white sedan in the right lane ahead (28 meters)",
    "Pedestrians standing near the left sidewalk (20 meters)",
    "Group of five pedestrians on the right sidewalk (25 meters)",
    "Two pedestrians seated at outdoor tables on the left sidewalk",
    "Traffic light displaying red signal with 'No Turn on Red' sign",
    "Traffic cones indicating ongoing road work",
    "Construction vehicles on the right side",
    "Pedestrians walking near guardrail (5 meters back-right)",
    "Light traffic behind the ego vehicle with stationary vehicles"
  ],
  "full_caption": "The scene is set on a straight, relatively narrow urban street during the daytime, characterized by partly cloudy skies that ensure good visibility. The road surface is dry and well-maintained, providing excellent traction for vehicles. Sidewalks are present on both sides of the road, with two solid yellow lines clearly marking the lanes for traffic flow. The ego vehicle is positioned in the center lane, approximately 30 meters from a stationary black sedan located in the middle lane ahead. Slightly ahead in the right lane, about 28 meters from the ego vehicle, a white sedan is also stationary. Further down the middle lane, approximately 50 meters ahead, a dark-colored SUV contributes to the light traffic density, indicating that vehicles around the ego vehicle are either halted or moving at a minimal pace.\n\nIn the surrounding environment, pedestrians add vibrancy to this urban setting. On the left sidewalk, about 20 meters ahead of the ego vehicle, two pedestrians are standing near a tree, engaged in conversation, posing a potential hazard as they might unexpectedly enter the crosswalk or roadway. On the right-hand sidewalk, a group of five pedestrians is gathered near a brick building, approximately 25 meters away from the ego vehicle, necessitating vigilance as the ego vehicle navigates through this area. Additionally, two pedestrians are seated at outdoor tables near a white structure on the left sidewalk, while others can be seen further left, approximately 30 meters away, near the entrance of a building. This clustering of individuals near the road heightens the risk of unexpected movements that the ego vehicle must be prepared to respond to.\n\nAt the intersection ahead, a traffic light is currently displaying a red signal, accompanied by a \"No Turn on Red\" sign mounted on the pole to the left, indicating that vehicles must stop and cannot turn right at this juncture. Crosswalk markings are evident, highlighting designated pedestrian crossing points that require the ego vehicle to remain alert to the potential for pedestrians to enter the roadway. The road is bordered by metal guardrails on both sides, which serve as safety barriers to prevent vehicles from veering off the road, further emphasizing the structured environment of this urban street.\n\nLooking behind the ego vehicle, approximately 20 meters away in the left lane is a white sedan, with a gray sedan positioned slightly behind it in the right lane, about 25 meters away. This configuration indicates that the traffic behind the ego vehicle is also light, with vehicles either stationary or moving slowly, reducing the risk of sudden lane changes or overtaking maneuvers. However, as the traffic light changes, the vehicles ahead may stop or accelerate unexpectedly, necessitating continuous monitoring by the ego vehicle.\n\nIn the back-right view, two pedestrians are detected walking on the sidewalk near a guardrail, approximately 5 meters away, reinforcing the need for heightened vigilance as they could step onto the road without warning. The environment is further complicated by the presence of construction elements; eight traffic cones are concentrated in the left and back-left areas, signaling ongoing road work that may affect navigation. Additionally, two construction vehicles are positioned on the right side of the scene, indicating active work zones that could pose risks to the ego vehicle as it maneuvers through this bustling urban landscape.\n\nThe overall ambiance of the scene is calm, yet the presence of pedestrians near the crosswalk, those seated at outdoor tables, and the vehicles positioned ahead create a dynamic environment filled with potential hazards. The ego vehicle must navigate carefully, adjusting its speed to enhance reaction time to the nearby pedestrians and construction vehicles. The combination of stationary vehicles, pedestrians, and construction-related elements presents multiple safety-critical scenarios that the autonomous driving system must continuously assess. Compliance with traffic regulations while ensuring the safety of vulnerable road users is paramount, as the system prepares to respond to any unexpected movements or obstacles that may arise in this lively urban setting."
}


================================================================================
FINAL OUTPUT - STRUCTURED CAPTION
================================================================================

{'scene_summary': 'The scene is a straight, narrow urban street during the daytime with good visibility and light traffic. The environment features pedestrians and construction elements, requiring careful navigation by the ego vehicle.', 'ego_vehicle': {'action': 'driving', 'lane_position': 'center', 'speed_estimate': 'slow'}, 'objects': [{'category': 'sedan', 'position': 'front', 'state': 'stopped', 'attributes': ['black', 'middle lane'], 'visibility': 'high'}, {'category': 'sedan', 'position': 'front-right', 'state': 'stopped', 'attributes': ['white', 'right lane'], 'visibility': 'high'}, {'category': 'SUV', 'position': 'front', 'state': 'moving', 'attributes': ['dark-colored', 'middle lane'], 'visibility': 'medium'}, {'category': 'pedestrian', 'position': 'left', 'state': 'static', 'attributes': ['standing', 'near tree'], 'visibility': 'high'}, {'category': 'pedestrian', 'position': 'right', 'state': 'static', 'attributes': ['gathered', 'near brick building'], 'visibility': 'high'}, {'category': 'pedestrian', 'position': 'left', 'state': 'static', 'attributes': ['seated', 'near white structure'], 'visibility': 'medium'}, {'category': 'pedestrian', 'position': 'left', 'state': 'static', 'attributes': ['standing', 'near building entrance'], 'visibility': 'medium'}, {'category': 'pedestrian', 'position': 'back-right', 'state': 'moving', 'attributes': ['walking', 'near guardrail'], 'visibility': 'high'}, {'category': 'traffic cone', 'position': 'left-back', 'state': 'static', 'attributes': ['indicating road work'], 'visibility': 'high'}, {'category': 'construction vehicle', 'position': 'right', 'state': 'static', 'attributes': ['active work zone'], 'visibility': 'medium'}, {'category': 'sedan', 'position': 'back-left', 'state': 'stopped', 'attributes': ['white', 'left lane'], 'visibility': 'high'}, {'category': 'sedan', 'position': 'back-right', 'state': 'stopped', 'attributes': ['gray', 'right lane'], 'visibility': 'high'}], 'road_structure': {'type': 'straight', 'lanes': '2 lanes in each direction', 'markings': ['solid yellow lines', 'crosswalk markings']}, 'environment': {'lighting': 'day', 'weather': 'partly cloudy', 'location_type': 'urban'}, 'safety_critical': ['Stationary black sedan in the middle lane ahead (30 meters)', 'Stationary white sedan in the right lane ahead (28 meters)', 'Pedestrians standing near the left sidewalk (20 meters)', 'Group of five pedestrians on the right sidewalk (25 meters)', 'Two pedestrians seated at outdoor tables on the left sidewalk', "Traffic light displaying red signal with 'No Turn on Red' sign", 'Traffic cones indicating ongoing road work', 'Construction vehicles on the right side', 'Pedestrians walking near guardrail (5 meters back-right)', 'Light traffic behind the ego vehicle with stationary vehicles'], 'full_caption': 'The scene is set on a straight, relatively narrow urban street during the daytime, characterized by partly cloudy skies that ensure good visibility. The road surface is dry and well-maintained, providing excellent traction for vehicles. Sidewalks are present on both sides of the road, with two solid yellow lines clearly marking the lanes for traffic flow. The ego vehicle is positioned in the center lane, approximately 30 meters from a stationary black sedan located in the middle lane ahead. Slightly ahead in the right lane, about 28 meters from the ego vehicle, a white sedan is also stationary. Further down the middle lane, approximately 50 meters ahead, a dark-colored SUV contributes to the light traffic density, indicating that vehicles around the ego vehicle are either halted or moving at a minimal pace.\n\nIn the surrounding environment, pedestrians add vibrancy to this urban setting. On the left sidewalk, about 20 meters ahead of the ego vehicle, two pedestrians are standing near a tree, engaged in conversation, posing a potential hazard as they might unexpectedly enter the crosswalk or roadway. On the right-hand sidewalk, a group of five pedestrians is gathered near a brick building, approximately 25 meters away from the ego vehicle, necessitating vigilance as the ego vehicle navigates through this area. Additionally, two pedestrians are seated at outdoor tables near a white structure on the left sidewalk, while others can be seen further left, approximately 30 meters away, near the entrance of a building. This clustering of individuals near the road heightens the risk of unexpected movements that the ego vehicle must be prepared to respond to.\n\nAt the intersection ahead, a traffic light is currently displaying a red signal, accompanied by a "No Turn on Red" sign mounted on the pole to the left, indicating that vehicles must stop and cannot turn right at this juncture. Crosswalk markings are evident, highlighting designated pedestrian crossing points that require the ego vehicle to remain alert to the potential for pedestrians to enter the roadway. The road is bordered by metal guardrails on both sides, which serve as safety barriers to prevent vehicles from veering off the road, further emphasizing the structured environment of this urban street.\n\nLooking behind the ego vehicle, approximately 20 meters away in the left lane is a white sedan, with a gray sedan positioned slightly behind it in the right lane, about 25 meters away. This configuration indicates that the traffic behind the ego vehicle is also light, with vehicles either stationary or moving slowly, reducing the risk of sudden lane changes or overtaking maneuvers. However, as the traffic light changes, the vehicles ahead may stop or accelerate unexpectedly, necessitating continuous monitoring by the ego vehicle.\n\nIn the back-right view, two pedestrians are detected walking on the sidewalk near a guardrail, approximately 5 meters away, reinforcing the need for heightened vigilance as they could step onto the road without warning. The environment is further complicated by the presence of construction elements; eight traffic cones are concentrated in the left and back-left areas, signaling ongoing road work that may affect navigation. Additionally, two construction vehicles are positioned on the right side of the scene, indicating active work zones that could pose risks to the ego vehicle as it maneuvers through this bustling urban landscape.\n\nThe overall ambiance of the scene is calm, yet the presence of pedestrians near the crosswalk, those seated at outdoor tables, and the vehicles positioned ahead create a dynamic environment filled with potential hazards. The ego vehicle must navigate carefully, adjusting its speed to enhance reaction time to the nearby pedestrians and construction vehicles. The combination of stationary vehicles, pedestrians, and construction-related elements presents multiple safety-critical scenarios that the autonomous driving system must continuously assess. Compliance with traffic regulations while ensuring the safety of vulnerable road users is paramount, as the system prepares to respond to any unexpected movements or obstacles that may arise in this lively urban setting.'}


================================================================================
PIPELINE METADATA
================================================================================

Refinement Converged: False
Refinement Iterations: 3

================================================================================
END OF LOG
================================================================================
